0 info it worked if it ends with ok
1 verbose cli [ '/usr/local/bin/node',
1 verbose cli   '/usr/local/bin/npm',
1 verbose cli   'install',
1 verbose cli   '-g',
1 verbose cli   'brunch' ]
2 info using npm@1.4.14
3 info using node@v0.10.29
4 verbose node symlink /usr/local/bin/node
5 verbose cache add [ 'brunch', null ]
6 verbose cache add name=undefined spec="brunch" args=["brunch",null]
7 verbose parsed url { protocol: null,
7 verbose parsed url   slashes: null,
7 verbose parsed url   auth: null,
7 verbose parsed url   host: null,
7 verbose parsed url   port: null,
7 verbose parsed url   hostname: null,
7 verbose parsed url   hash: null,
7 verbose parsed url   search: null,
7 verbose parsed url   query: null,
7 verbose parsed url   pathname: 'brunch',
7 verbose parsed url   path: 'brunch',
7 verbose parsed url   href: 'brunch' }
8 silly lockFile 58390c40-brunch brunch
9 verbose lock brunch /home/vagrant/.npm/58390c40-brunch.lock
10 silly lockFile 58390c40-brunch brunch
11 silly lockFile 58390c40-brunch brunch
12 verbose addNamed [ 'brunch', '' ]
13 verbose addNamed [ null, '*' ]
14 silly lockFile 8098d1eb-brunch brunch@
15 verbose lock brunch@ /home/vagrant/.npm/8098d1eb-brunch.lock
16 silly addNameRange { name: 'brunch', range: '*', hasData: false }
17 verbose url raw brunch
18 verbose url resolving [ 'https://registry.npmjs.org/', './brunch' ]
19 verbose url resolved https://registry.npmjs.org/brunch
20 info trying registry request attempt 1 at 21:48:02
21 verbose etag "4818AL7DQQIUYWEKP6YZG5A4Z"
22 http GET https://registry.npmjs.org/brunch
23 http 200 https://registry.npmjs.org/brunch
24 silly registry.get cb [ 200,
24 silly registry.get   { server: 'CouchDB/1.5.0 (Erlang OTP/R16B03)',
24 silly registry.get     etag: '"ABFAHG4K830V77AAI52OSNRS3"',
24 silly registry.get     'content-type': 'application/json',
24 silly registry.get     'cache-control': 'max-age=60',
24 silly registry.get     'content-length': '164203',
24 silly registry.get     'accept-ranges': 'bytes',
24 silly registry.get     date: 'Wed, 27 May 2015 21:48:03 GMT',
24 silly registry.get     via: '1.1 varnish',
24 silly registry.get     age: '23',
24 silly registry.get     connection: 'keep-alive',
24 silly registry.get     'x-served-by': 'cache-sjc3130-SJC',
24 silly registry.get     'x-cache': 'HIT',
24 silly registry.get     'x-cache-hits': '1',
24 silly registry.get     'x-timer': 'S1432763283.067691,VS0,VE1',
24 silly registry.get     vary: 'Accept' } ]
25 silly addNameRange number 2 { name: 'brunch', range: '*', hasData: true }
26 silly addNameRange versions [ 'brunch',
26 silly addNameRange   [ '0.0.1',
26 silly addNameRange     '0.0.2',
26 silly addNameRange     '0.0.3',
26 silly addNameRange     '0.0.4',
26 silly addNameRange     '0.0.5',
26 silly addNameRange     '0.0.6',
26 silly addNameRange     '0.0.7',
26 silly addNameRange     '0.0.8',
26 silly addNameRange     '0.1.0',
26 silly addNameRange     '0.1.1',
26 silly addNameRange     '0.1.3',
26 silly addNameRange     '0.1.4',
26 silly addNameRange     '0.1.5',
26 silly addNameRange     '0.1.6',
26 silly addNameRange     '0.1.7',
26 silly addNameRange     '0.1.8',
26 silly addNameRange     '0.1.9',
26 silly addNameRange     '0.2.0',
26 silly addNameRange     '0.2.1',
26 silly addNameRange     '0.2.2',
26 silly addNameRange     '0.2.3',
26 silly addNameRange     '0.2.4',
26 silly addNameRange     '0.2.6',
26 silly addNameRange     '0.2.7',
26 silly addNameRange     '0.2.8',
26 silly addNameRange     '0.3.0',
26 silly addNameRange     '0.3.1',
26 silly addNameRange     '0.3.2',
26 silly addNameRange     '0.3.4',
26 silly addNameRange     '0.3.5',
26 silly addNameRange     '0.3.6',
26 silly addNameRange     '0.3.7',
26 silly addNameRange     '0.4.0',
26 silly addNameRange     '0.4.1',
26 silly addNameRange     '0.4.2',
26 silly addNameRange     '0.4.3',
26 silly addNameRange     '0.4.4',
26 silly addNameRange     '0.4.5',
26 silly addNameRange     '0.5.1',
26 silly addNameRange     '0.5.2',
26 silly addNameRange     '0.5.3',
26 silly addNameRange     '0.5.4',
26 silly addNameRange     '0.5.5',
26 silly addNameRange     '0.5.6',
26 silly addNameRange     '0.6.0',
26 silly addNameRange     '0.6.1',
26 silly addNameRange     '0.6.2',
26 silly addNameRange     '0.7.0',
26 silly addNameRange     '0.7.1',
26 silly addNameRange     '0.7.2',
26 silly addNameRange     '0.7.3',
26 silly addNameRange     '0.7.4',
26 silly addNameRange     '0.8.0',
26 silly addNameRange     '0.8.1',
26 silly addNameRange     '0.9.0-beta1',
26 silly addNameRange     '0.9.0',
26 silly addNameRange     '0.9.1',
26 silly addNameRange     '1.0.0',
26 silly addNameRange     '1.0.1',
26 silly addNameRange     '1.0.2',
26 silly addNameRange     '1.0.3',
26 silly addNameRange     '1.1.0',
26 silly addNameRange     '1.1.1',
26 silly addNameRange     '1.1.2',
26 silly addNameRange     '1.2.0',
26 silly addNameRange     '1.2.1',
26 silly addNameRange     '1.2.2',
26 silly addNameRange     '1.3.0',
26 silly addNameRange     '1.3.1',
26 silly addNameRange     '1.3.2',
26 silly addNameRange     '1.3.3',
26 silly addNameRange     '1.3.4',
26 silly addNameRange     '1.4.0',
26 silly addNameRange     '1.4.1',
26 silly addNameRange     '1.4.2',
26 silly addNameRange     '1.4.3',
26 silly addNameRange     '1.4.4',
26 silly addNameRange     '1.4.5',
26 silly addNameRange     '1.5.0',
26 silly addNameRange     '1.5.1',
26 silly addNameRange     '1.5.2',
26 silly addNameRange     '1.5.3',
26 silly addNameRange     '1.5.4',
26 silly addNameRange     '1.6.0',
26 silly addNameRange     '1.6.1',
26 silly addNameRange     '1.6.2',
26 silly addNameRange     '1.6.3',
26 silly addNameRange     '1.6.4',
26 silly addNameRange     '1.6.5',
26 silly addNameRange     '1.6.6',
26 silly addNameRange     '1.6.7',
26 silly addNameRange     '1.7.0',
26 silly addNameRange     '1.7.1',
26 silly addNameRange     '1.7.2',
26 silly addNameRange     '1.7.3',
26 silly addNameRange     '1.7.4',
26 silly addNameRange     '1.7.5',
26 silly addNameRange     '1.7.6',
26 silly addNameRange     '1.7.7',
26 silly addNameRange     '1.7.8',
26 silly addNameRange     '1.7.9',
26 silly addNameRange     '1.7.10',
26 silly addNameRange     '1.7.12',
26 silly addNameRange     '1.7.13',
26 silly addNameRange     '1.7.14',
26 silly addNameRange     '1.7.15',
26 silly addNameRange     '1.7.16',
26 silly addNameRange     '1.7.17',
26 silly addNameRange     '1.7.18',
26 silly addNameRange     '1.7.19',
26 silly addNameRange     '1.7.20',
26 silly addNameRange     '1.8.0',
26 silly addNameRange     '1.8.1',
26 silly addNameRange     '1.8.2',
26 silly addNameRange     '1.8.3' ] ]
27 verbose addNamed [ 'brunch', '1.8.3' ]
28 verbose addNamed [ '1.8.3', '1.8.3' ]
29 silly lockFile 40694768-brunch-1-8-3 brunch@1.8.3
30 verbose lock brunch@1.8.3 /home/vagrant/.npm/40694768-brunch-1-8-3.lock
31 silly lockFile 69ab6a0a-pmjs-org-brunch-brunch-1-8-3-tgz https://registry.npmjs.org/brunch/-/brunch-1.8.3.tgz
32 verbose lock https://registry.npmjs.org/brunch/-/brunch-1.8.3.tgz /home/vagrant/.npm/69ab6a0a-pmjs-org-brunch-brunch-1-8-3-tgz.lock
33 verbose addRemoteTarball [ 'https://registry.npmjs.org/brunch/-/brunch-1.8.3.tgz',
33 verbose addRemoteTarball   'd0103b4799f09eabecdb8ca9dd65236b375badd6' ]
34 info retry fetch attempt 1 at 21:48:03
35 verbose fetch to= /home/vagrant/tmp/npm-13142-85KsvIsE/registry.npmjs.org/brunch/-/brunch-1.8.3.tgz
36 http GET https://registry.npmjs.org/brunch/-/brunch-1.8.3.tgz
37 error fetch failed https://registry.npmjs.org/brunch/-/brunch-1.8.3.tgz
38 info retry will retry, error on last attempt: Error: 3074971392:error:1408F119:SSL routines:SSL3_GET_RECORD:decryption failed or bad record mac:../deps/openssl/openssl/ssl/s3_pkt.c:485:
39 info retry fetch attempt 2 at 21:48:13
40 verbose fetch to= /home/vagrant/tmp/npm-13142-85KsvIsE/registry.npmjs.org/brunch/-/brunch-1.8.3.tgz
41 http GET https://registry.npmjs.org/brunch/-/brunch-1.8.3.tgz
42 http 200 https://registry.npmjs.org/brunch/-/brunch-1.8.3.tgz
43 silly lockFile 69ab6a0a-pmjs-org-brunch-brunch-1-8-3-tgz https://registry.npmjs.org/brunch/-/brunch-1.8.3.tgz
44 silly lockFile 69ab6a0a-pmjs-org-brunch-brunch-1-8-3-tgz https://registry.npmjs.org/brunch/-/brunch-1.8.3.tgz
45 silly lockFile 40694768-brunch-1-8-3 brunch@1.8.3
46 silly lockFile 40694768-brunch-1-8-3 brunch@1.8.3
47 silly lockFile 8098d1eb-brunch brunch@
48 silly lockFile 8098d1eb-brunch brunch@
49 silly resolved [ { name: 'brunch',
49 silly resolved     description: 'A lightweight approach to building HTML5 applications with emphasis on elegance and simplicity',
49 silly resolved     version: '1.8.3',
49 silly resolved     keywords:
49 silly resolved      [ 'assembler',
49 silly resolved        'builder',
49 silly resolved        'stack',
49 silly resolved        'chaplin',
49 silly resolved        'backbone',
49 silly resolved        'ember',
49 silly resolved        'angular',
49 silly resolved        'html5' ],
49 silly resolved     homepage: 'http://brunch.io/',
49 silly resolved     author: { name: 'Brunch team', url: 'http://brunch.io' },
49 silly resolved     repository: { type: 'git', url: 'git+https://github.com/brunch/brunch.git' },
49 silly resolved     bugs: { url: 'http://github.com/brunch/brunch/issues' },
49 silly resolved     licenses: [ [Object] ],
49 silly resolved     main: './lib/index',
49 silly resolved     bin: { brunch: './bin/brunch' },
49 silly resolved     scripts:
49 silly resolved      { prepublish: 'coffee -bo lib/ src/',
49 silly resolved        postinstall: 'node -e "require(\'fs\').readdir(\'lib\',function(e){e&&require(\'child_process\').exec(\'npm run prepublish\')})"',
49 silly resolved        test: 'mocha --compilers coffee:coffee-script/register --require test/common.coffee --colors' },
49 silly resolved     preferGlobal: true,
49 silly resolved     dependencies:
49 silly resolved      { anymatch: '~1.3.0',
49 silly resolved        anysort: '~1.0.0',
49 silly resolved        'async-each': '~0.1.2',
49 silly resolved        'async-waterfall': '~0.1.2',
49 silly resolved        chokidar: '~1.0.1',
49 silly resolved        'coffee-script': '~1.9.0',
49 silly resolved        commander: '~2.7.1',
49 silly resolved        'commonjs-require-definition': '~0.2.0',
49 silly resolved        debug: '~2.1.1',
49 silly resolved        deppack: '~0.1.0',
49 silly resolved        fcache: '~0.1.0',
49 silly resolved        'init-skeleton': '~0.4.0',
49 silly resolved        loggy: '~0.2.0',
49 silly resolved        mkdirp: '~0.5.0',
49 silly resolved        pushserve: '~0.1.6',
49 silly resolved        'quickly-copy-file': '~0.1.0',
49 silly resolved        'read-components': '~0.6.0',
49 silly resolved        'source-map': '~0.3.0' },
49 silly resolved     devDependencies:
49 silly resolved      { mocha: '~1.12.0',
49 silly resolved        chai: '~1.7.0',
49 silly resolved        rewire: '~1.1.3',
49 silly resolved        express: '~3.3.0' },
49 silly resolved     gitHead: '13c96608ba9f3a47469833c91e49cae77a28fcb9',
49 silly resolved     _id: 'brunch@1.8.3',
49 silly resolved     _shasum: 'd0103b4799f09eabecdb8ca9dd65236b375badd6',
49 silly resolved     _from: 'brunch@',
49 silly resolved     _npmVersion: '2.9.0',
49 silly resolved     _nodeVersion: '2.0.0',
49 silly resolved     _npmUser: { name: 'es128', email: 'elan.shanker+npm@gmail.com' },
49 silly resolved     maintainers: [ [Object], [Object], [Object], [Object] ],
49 silly resolved     dist:
49 silly resolved      { shasum: 'd0103b4799f09eabecdb8ca9dd65236b375badd6',
49 silly resolved        tarball: 'http://registry.npmjs.org/brunch/-/brunch-1.8.3.tgz' },
49 silly resolved     directories: {},
49 silly resolved     _resolved: 'https://registry.npmjs.org/brunch/-/brunch-1.8.3.tgz' } ]
50 info install brunch@1.8.3 into /usr/local/lib
51 info installOne brunch@1.8.3
52 info /usr/local/lib/node_modules/brunch unbuild
53 verbose tar unpack /home/vagrant/.npm/brunch/1.8.3/package.tgz
54 silly lockFile f46cf4fa-sr-local-lib-node-modules-brunch tar:///usr/local/lib/node_modules/brunch
55 verbose lock tar:///usr/local/lib/node_modules/brunch /home/vagrant/.npm/f46cf4fa-sr-local-lib-node-modules-brunch.lock
56 silly lockFile 7e71b6b0-ant-npm-brunch-1-8-3-package-tgz tar:///home/vagrant/.npm/brunch/1.8.3/package.tgz
57 verbose lock tar:///home/vagrant/.npm/brunch/1.8.3/package.tgz /home/vagrant/.npm/7e71b6b0-ant-npm-brunch-1-8-3-package-tgz.lock
58 silly gunzTarPerm modes [ '755', '644' ]
59 error Error: EACCES, mkdir '/usr/local/lib/node_modules/brunch'
59 error  { [Error: EACCES, mkdir '/usr/local/lib/node_modules/brunch']
59 error   errno: 3,
59 error   code: 'EACCES',
59 error   path: '/usr/local/lib/node_modules/brunch',
59 error   fstream_type: 'Directory',
59 error   fstream_path: '/usr/local/lib/node_modules/brunch',
59 error   fstream_class: 'DirWriter',
59 error   fstream_stack:
59 error    [ '/opt/node-v0.10.29-linux-x86/lib/node_modules/npm/node_modules/fstream/lib/dir-writer.js:36:23',
59 error      '/opt/node-v0.10.29-linux-x86/lib/node_modules/npm/node_modules/mkdirp/index.js:37:53',
59 error      'Object.oncomplete (fs.js:107:15)' ] }
60 error Please try running this command again as root/Administrator.
61 error System Linux 3.2.0-23-generic-pae
62 error command "/usr/local/bin/node" "/usr/local/bin/npm" "install" "-g" "brunch"
63 error cwd /vagrant/bloc-jams
64 error node -v v0.10.29
65 error npm -v 1.4.14
66 error path /usr/local/lib/node_modules/brunch
67 error fstream_path /usr/local/lib/node_modules/brunch
68 error fstream_type Directory
69 error fstream_class DirWriter
70 error code EACCES
71 error errno 3
72 error stack Error: EACCES, mkdir '/usr/local/lib/node_modules/brunch'
73 error fstream_stack /opt/node-v0.10.29-linux-x86/lib/node_modules/npm/node_modules/fstream/lib/dir-writer.js:36:23
73 error fstream_stack /opt/node-v0.10.29-linux-x86/lib/node_modules/npm/node_modules/mkdirp/index.js:37:53
73 error fstream_stack Object.oncomplete (fs.js:107:15)
74 verbose exit [ 3, true ]
